<?xml version="1.0" encoding="UTF-8"?>
<!-- Generated by org.testng.reporters.JUnitReportReporter -->
<testsuite skipped="0" hostname="LNDA0063" name="com.qainfotech.hris.loginNGTest" tests="1" failures="0" timestamp="19 Sep 2018 12:29:46 GMT" time="0.009" errors="0">
  <testcase name="testSomeMethod" time="0.009" classname="com.qainfotech.hris.loginNGTest"/>
</testsuite> <!-- com.qainfotech.hris.loginNGTest -->
