<?xml version="1.0" encoding="UTF-8"?>
<!-- Generated by org.testng.reporters.JUnitReportReporter -->
<testsuite skipped="0" hostname="Arjita-HP" name="com.qainfotech.hris.loginNGTest" tests="1" failures="0" timestamp="18 Aug 2018 14:08:47 GMT" time="0.008" errors="0">
  <testcase name="testSomeMethod" time="0.008" classname="com.qainfotech.hris.loginNGTest"/>
</testsuite> <!-- com.qainfotech.hris.loginNGTest -->
